/scratch/wh629/research/irt/nlu-test-sets/data outdir: /scratch/wh629/research/irt/nlu-test-sets/params_mvirt 0.25 1.0 16
/scratch/wh629/research/irt/nlu-test-sets/data outdir: /scratch/wh629/research/irt/nlu-test-sets/params_mvirt 0.20 1.0 15
/scratch/wh629/research/irt/nlu-test-sets/data outdir: /scratch/wh629/research/irt/nlu-test-sets/params_mvirt 0.20 1.0 14
/scratch/wh629/research/irt/nlu-test-sets/data outdir: /scratch/wh629/research/irt/nlu-test-sets/params_mvirt 0.20 1.0 16
/scratch/wh629/research/irt/nlu-test-sets/data outdir: /scratch/wh629/research/irt/nlu-test-sets/params_mvirt 0.15 1.0 2
/scratch/wh629/research/irt/nlu-test-sets/data outdir: /scratch/wh629/research/irt/nlu-test-sets/params_mvirt 0.20 1.0 18
/scratch/wh629/research/irt/nlu-test-sets/data outdir: /scratch/wh629/research/irt/nlu-test-sets/params_mvirt 0.20 1.0 36
/scratch/wh629/research/irt/nlu-test-sets/data outdir: /scratch/wh629/research/irt/nlu-test-sets/params_mvirt 0.20 1.0 72
/scratch/wh629/research/irt/nlu-test-sets/data outdir: /scratch/wh629/research/irt/nlu-test-sets/params_mvirt 0.20 1.0 54
/scratch/wh629/research/irt/nlu-test-sets/data outdir: /scratch/wh629/research/irt/nlu-test-sets/params_mvirt 0.15 1.0 90
/scratch/wh629/research/irt/nlu-test-sets/data outdir: /scratch/wh629/research/irt/nlu-test-sets/params_mvirt 0.20 1.0 17
/scratch/wh629/research/irt/nlu-test-sets/data outdir: /scratch/wh629/research/irt/nlu-test-sets/params_mvirt 0.15 1.0 3
/scratch/wh629/research/irt/nlu-test-sets/data outdir: /scratch/wh629/research/irt/nlu-test-sets/params_mvirt 0.15 1.0 4
/scratch/wh629/research/irt/nlu-test-sets/data outdir: /scratch/wh629/research/irt/nlu-test-sets/params_mvirt 0.15 1.0 5
/scratch/wh629/research/irt/nlu-test-sets/data outdir: /scratch/wh629/research/irt/nlu-test-sets/params_mvirt 0.15 1.0 6
/scratch/wh629/research/irt/nlu-test-sets/data outdir: /scratch/wh629/research/irt/nlu-test-sets/params_mvirt 0.15 1.0 7
/scratch/wh629/research/irt/nlu-test-sets/data outdir: /scratch/wh629/research/irt/nlu-test-sets/params_mvirt 0.15 1.0 8
/scratch/wh629/research/irt/nlu-test-sets/data outdir: /scratch/wh629/research/irt/nlu-test-sets/params_mvirt 0.15 1.0 18
/scratch/wh629/research/irt/nlu-test-sets/data outdir: /scratch/wh629/research/irt/nlu-test-sets/params_mvirt 0.15 1.0 10
/scratch/wh629/research/irt/nlu-test-sets/data outdir: /scratch/wh629/research/irt/nlu-test-sets/params_mvirt 0.15 1.0 11
/scratch/wh629/research/irt/nlu-test-sets/data outdir: /scratch/wh629/research/irt/nlu-test-sets/params_mvirt 0.15 1.0 9
/scratch/wh629/research/irt/nlu-test-sets/data outdir: /scratch/wh629/research/irt/nlu-test-sets/params_mvirt 0.15 1.0 13
/scratch/wh629/research/irt/nlu-test-sets/data outdir: /scratch/wh629/research/irt/nlu-test-sets/params_mvirt 0.15 1.0 12
/scratch/wh629/research/irt/nlu-test-sets/data outdir: /scratch/wh629/research/irt/nlu-test-sets/params_mvirt 0.15 1.0 14
/scratch/wh629/research/irt/nlu-test-sets/data outdir: /scratch/wh629/research/irt/nlu-test-sets/params_mvirt 0.15 1.0 15
/scratch/wh629/research/irt/nlu-test-sets/data outdir: /scratch/wh629/research/irt/nlu-test-sets/params_mvirt 0.15 1.0 16
/scratch/wh629/research/irt/nlu-test-sets/data outdir: /scratch/wh629/research/irt/nlu-test-sets/params_mvirt 0.15 1.0 17
/scratch/wh629/research/irt/nlu-test-sets/data outdir: /scratch/wh629/research/irt/nlu-test-sets/params_mvirt 0.15 1.0 54
/scratch/wh629/research/irt/nlu-test-sets/data outdir: /scratch/wh629/research/irt/nlu-test-sets/params_mvirt 0.15 1.0 72
/scratch/wh629/research/irt/nlu-test-sets/data outdir: /scratch/wh629/research/irt/nlu-test-sets/params_mvirt 0.25 1.0 54
/scratch/wh629/research/irt/nlu-test-sets/data outdir: /scratch/wh629/research/irt/nlu-test-sets/params_mvirt 0.25 1.0 72
/scratch/wh629/research/irt/nlu-test-sets/data outdir: /scratch/wh629/research/irt/nlu-test-sets/params_mvirt 0.25 1.0 3
/scratch/wh629/research/irt/nlu-test-sets/data outdir: /scratch/wh629/research/irt/nlu-test-sets/params_mvirt 0.15 1.0 36
/scratch/wh629/research/irt/nlu-test-sets/data outdir: /scratch/wh629/research/irt/nlu-test-sets/params_mvirt 0.25 1.0 6
/scratch/wh629/research/irt/nlu-test-sets/data outdir: /scratch/wh629/research/irt/nlu-test-sets/params_mvirt 0.25 1.0 4
/scratch/wh629/research/irt/nlu-test-sets/data outdir: /scratch/wh629/research/irt/nlu-test-sets/params_mvirt 0.25 1.0 2
/scratch/wh629/research/irt/nlu-test-sets/data outdir: /scratch/wh629/research/irt/nlu-test-sets/params_mvirt 0.25 1.0 5
/scratch/wh629/research/irt/nlu-test-sets/data outdir: /scratch/wh629/research/irt/nlu-test-sets/params_mvirt 0.25 1.0 36
